<?xml version="1.0" encoding="UTF-8"?>
<!-- Generated by org.testng.reporters.JUnitReportReporter -->
<testsuite hostname="DESKTOP-SVFAJHN" failures="0" tests="3" name="test.LoginToOFOSTest" time="25.491" errors="0" timestamp="2024-04-08T10:09:38 IST" skipped="0">
  <testcase classname="test.LoginToOFOSTest" name="loginToApp" time="8.200"/>
  <system-out/>
  <testcase classname="test.LoginToOFOSTest" name="loginToApp" time="5.726"/>
  <system-out/>
  <testcase classname="test.LoginToOFOSTest" name="loginToApp" time="11.565"/>
  <system-out/>
</testsuite> <!-- test.LoginToOFOSTest -->
