<?xml version="1.0" encoding="UTF-8"?>
<!-- Generated by org.testng.reporters.JUnitReportReporter -->
<testsuite hostname="DESKTOP-SVFAJHN" failures="0" tests="1" name="test.BrokenLinks" time="192.956" errors="0" timestamp="2024-03-30T21:28:03 IST" skipped="0">
  <testcase classname="test.BrokenLinks" name="brokenLinksKS" time="192.956"/>
  <system-out/>
</testsuite> <!-- test.BrokenLinks -->
