<?xml version="1.0" encoding="UTF-8"?>
<!-- Generated by org.testng.reporters.JUnitReportReporter -->
<testsuite hostname="DESKTOP-SVFAJHN" failures="0" tests="1" name="test.ProKabaddiMedals" time="15.955" errors="0" timestamp="2024-04-03T21:33:44 IST" skipped="0">
  <testcase classname="test.ProKabaddiMedals" name="getMedals" time="15.955"/>
  <system-out/>
</testsuite> <!-- test.ProKabaddiMedals -->
