<?xml version="1.0" encoding="UTF-8"?>
<!-- Generated by org.testng.reporters.JUnitReportReporter -->
<testsuite hostname="DESKTOP-SVFAJHN" failures="0" tests="1" name="TenAssignments9April.iPhone13Price" time="15.559" errors="0" timestamp="2024-04-10T16:49:19 IST" skipped="0">
  <testcase classname="TenAssignments9April.iPhone13Price" name="iphone" time="15.559"/>
  <system-out/>
</testsuite> <!-- TenAssignments9April.iPhone13Price -->
