<?xml version="1.0" encoding="UTF-8"?>
<!-- Generated by org.testng.reporters.JUnitReportReporter -->
<testsuite hostname="DESKTOP-SVFAJHN" failures="0" tests="1" name="TenAssignments9April.LoginValidationTest" time="12.473" errors="0" timestamp="2024-04-11T19:20:18 IST" skipped="0">
  <testcase classname="TenAssignments9April.LoginValidationTest" name="validateLoginWithValidCredentials" time="12.473"/>
  <system-out/>
</testsuite> <!-- TenAssignments9April.LoginValidationTest -->
