<?xml version="1.0" encoding="UTF-8"?>
<!-- Generated by org.testng.reporters.JUnitReportReporter -->
<testsuite hostname="DESKTOP-SVFAJHN" failures="0" tests="1" name="TenAssignments9April.FlipkartSamsung" time="28.877" errors="0" timestamp="2024-04-10T09:27:31 IST" skipped="0">
  <testcase classname="TenAssignments9April.FlipkartSamsung" name="selectSmsung" time="28.877"/>
  <system-out/>
</testsuite> <!-- TenAssignments9April.FlipkartSamsung -->
