<?xml version="1.0" encoding="UTF-8"?>
<!-- Generated by org.testng.reporters.JUnitReportReporter -->
<testsuite hostname="DESKTOP-SVFAJHN" failures="0" tests="2" name="TestNg.AnnotationsPractice" time="0.036" errors="0" timestamp="2024-04-08T13:27:24 IST" skipped="0">
  <testcase classname="TestNg.AnnotationsPractice" name="test2" time="0.005"/>
  <system-out/>
  <testcase classname="TestNg.AnnotationsPractice" name="test1" time="0.031"/>
  <system-out/>
</testsuite> <!-- TestNg.AnnotationsPractice -->
