<?xml version="1.0" encoding="UTF-8"?>
<!-- Generated by org.testng.reporters.JUnitReportReporter -->
<testsuite hostname="DESKTOP-SVFAJHN" failures="0" tests="1" name="TenAssignments9April.MyntraWebSiteTests" time="38.058" errors="0" timestamp="2024-04-11T23:45:11 IST" skipped="0">
  <testcase classname="TenAssignments9April.MyntraWebSiteTests" name="selectCustRating" time="38.058"/>
  <system-out/>
</testsuite> <!-- TenAssignments9April.MyntraWebSiteTests -->
