<?xml version="1.0" encoding="UTF-8"?>
<!-- Generated by org.testng.reporters.JUnitReportReporter -->
<testsuite hostname="DESKTOP-SVFAJHN" failures="0" tests="1" name="test.MavenCMDLineDataReadTest" time="6.396" errors="0" timestamp="2024-03-28T16:56:08 IST" skipped="0">
  <testcase classname="test.MavenCMDLineDataReadTest" name="MavenCMDLine" time="6.396"/>
  <system-out/>
</testsuite> <!-- test.MavenCMDLineDataReadTest -->
