<?xml version="1.0" encoding="UTF-8"?>
<!-- Generated by org.testng.reporters.JUnitReportReporter -->
<testsuite hostname="DESKTOP-SVFAJHN" failures="0" tests="1" name="TenAssignments9April.MacCosmetics" time="21.849" errors="0" timestamp="2024-04-11T23:53:00 IST" skipped="0">
  <testcase classname="TenAssignments9April.MacCosmetics" name="shopNowButton" time="21.849"/>
  <system-out/>
</testsuite> <!-- TenAssignments9April.MacCosmetics -->
