<?xml version="1.0" encoding="UTF-8"?>
<!-- Generated by org.testng.reporters.JUnitReportReporter -->
<testsuite hostname="DESKTOP-SVFAJHN" failures="0" tests="1" name="TenAssignments9April.AvedaTest" time="50.196" errors="0" timestamp="2024-04-19T20:43:02 IST" skipped="0">
  <testcase classname="TenAssignments9April.AvedaTest" name="selectAllProducts" time="50.196"/>
  <system-out/>
</testsuite> <!-- TenAssignments9April.AvedaTest -->
