<?xml version="1.0" encoding="UTF-8"?>
<!-- Generated by org.testng.reporters.JUnitReportReporter -->
<testsuite hostname="DESKTOP-SVFAJHN" failures="0" tests="3" name="TestNg.PracticeTest" time="0.018" errors="0" timestamp="2024-04-05T16:34:37 IST" skipped="0">
  <testcase classname="TestNg.PracticeTest" name="createTest" time="0.015"/>
  <system-out>
    <![CDATA[Create test]]>
  </system-out>
  <testcase classname="TestNg.PracticeTest" name="editTest" time="0.001"/>
  <system-out/>
  <testcase classname="TestNg.PracticeTest" name="deleteTest" time="0.002"/>
  <system-out/>
</testsuite> <!-- TestNg.PracticeTest -->
