<?xml version="1.0" encoding="UTF-8"?>
<!-- Generated by org.testng.reporters.JUnitReportReporter -->
<testsuite hostname="DESKTOP-SVFAJHN" failures="0" tests="2" name="test.MavenCMDExecutionTest" time="0.022" errors="0" timestamp="2024-03-28T12:27:26 IST" skipped="0">
  <testcase classname="test.MavenCMDExecutionTest" name="test2" time="0.003"/>
  <system-out/>
  <testcase classname="test.MavenCMDExecutionTest" name="test1" time="0.019"/>
  <system-out/>
</testsuite> <!-- test.MavenCMDExecutionTest -->
