<?xml version="1.0" encoding="UTF-8"?>
<!-- Generated by org.testng.reporters.JUnitReportReporter -->
<testsuite hostname="DESKTOP-SVFAJHN" failures="0" tests="1" name="test.WriteDataIntoExcelFileTest" time="2.950" errors="0" timestamp="2024-04-01T15:14:27 IST" skipped="0">
  <testcase classname="test.WriteDataIntoExcelFileTest" name="writeData" time="2.950"/>
  <system-out/>
</testsuite> <!-- test.WriteDataIntoExcelFileTest -->
