<?xml version="1.0" encoding="UTF-8"?>
<!-- Generated by org.testng.reporters.JUnitReportReporter -->
<testsuite hostname="DESKTOP-SVFAJHN" failures="0" tests="1" name="TenAssignments9April.CloseTheNthWindow" time="56.042" errors="0" timestamp="2024-04-16T15:52:46 IST" skipped="0">
  <testcase classname="TenAssignments9April.CloseTheNthWindow" name="closeTheNthWindow" time="56.042"/>
  <system-out/>
</testsuite> <!-- TenAssignments9April.CloseTheNthWindow -->
