<?xml version="1.0" encoding="UTF-8"?>
<!-- Generated by org.testng.reporters.JUnitReportReporter -->
<testsuite hostname="DESKTOP-SVFAJHN" failures="0" tests="1" name="test.BigBasketTest" time="36.566" errors="0" timestamp="2024-04-06T14:23:17 IST" skipped="0">
  <testcase classname="test.BigBasketTest" name="bigBasketItem" time="36.566"/>
  <system-out/>
</testsuite> <!-- test.BigBasketTest -->
