<?xml version="1.0" encoding="UTF-8"?>
<!-- Generated by org.testng.reporters.JUnitReportReporter -->
<testsuite hostname="DESKTOP-SVFAJHN" failures="0" tests="1" name="SelectorsHubPractice.Practice1" time="19.325" errors="0" timestamp="2024-04-13T13:20:53 IST" skipped="0">
  <testcase classname="SelectorsHubPractice.Practice1" name="enterUserEmail" time="19.325"/>
  <system-out/>
</testsuite> <!-- SelectorsHubPractice.Practice1 -->
