<?xml version="1.0" encoding="UTF-8"?>
<!-- Generated by org.testng.reporters.JUnitReportReporter -->
<testsuite hostname="DESKTOP-SVFAJHN" failures="0" tests="1" name="test.ReadDataFromMyDatabase" time="4.663" errors="0" timestamp="2024-04-02T09:50:08 IST" skipped="0">
  <testcase classname="test.ReadDataFromMyDatabase" name="readFromDB" time="4.663"/>
  <system-out/>
</testsuite> <!-- test.ReadDataFromMyDatabase -->
