<?xml version="1.0" encoding="UTF-8"?>
<!-- Generated by org.testng.reporters.JUnitReportReporter -->
<testsuite hostname="DESKTOP-SVFAJHN" failures="0" tests="1" name="TenAssignments9April.OpenTwoDifferentTabs" time="9.664" errors="0" timestamp="2024-04-10T09:25:04 IST" skipped="0">
  <testcase classname="TenAssignments9April.OpenTwoDifferentTabs" name="openTabs" time="9.664"/>
  <system-out/>
</testsuite> <!-- TenAssignments9April.OpenTwoDifferentTabs -->
