<?xml version="1.0" encoding="UTF-8"?>
<!-- Generated by org.testng.reporters.JUnitReportReporter -->
<testsuite hostname="DESKTOP-SVFAJHN" failures="0" tests="1" name="test.EMICalculator" time="16.917" errors="0" timestamp="2024-04-05T23:18:43 IST" skipped="0">
  <testcase classname="test.EMICalculator" name="emiCalculator" time="16.917"/>
  <system-out/>
</testsuite> <!-- test.EMICalculator -->
