<?xml version="1.0" encoding="UTF-8"?>
<!-- Generated by org.testng.reporters.JUnitReportReporter -->
<testsuite hostname="DESKTOP-SVFAJHN" failures="0" tests="3" name="test.DataReceiverClass" time="0.019" errors="0" timestamp="2024-04-08T09:52:40 IST" skipped="0">
  <testcase classname="test.DataReceiverClass" name="dataReader1" time="0.015"/>
  <system-out/>
  <testcase classname="test.DataReceiverClass" name="dataReader1" time="0.002"/>
  <system-out/>
  <testcase classname="test.DataReceiverClass" name="dataReader1" time="0.002"/>
  <system-out/>
</testsuite> <!-- test.DataReceiverClass -->
